2022-09-25T15:00:12.590Z [Police] error:
    message: Cannot read properties of undefined (reading 'c')
    
    stack: 
    at Bomb (webpack-internal:///./pages/react.tsx:18:31)
    at div
    at ErrorBoundary (webpack-internal:///../../packages/react/dist/es/index.js:2205:35)
    at div
    at ErrorBoundaryWithLogger (webpack-internal:///../../packages/react/dist/es/index.js:2330:5)
    at ReactPage (webpack-internal:///./pages/react.tsx:29:62)
    at App (webpack-internal:///../../node_modules/.pnpm/next@12.0.8_sfoxds7t5ydpegc3knd667wn6m/node_modules/next/dist/pages/_app.js:178:9)
    at ErrorBoundary (webpack-internal:///../../node_modules/.pnpm/next@12.0.8_sfoxds7t5ydpegc3knd667wn6m/node_modules/next/dist/compiled/@next/react-dev-overlay/client.js:8:20584)
    at ReactDevOverlay (webpack-internal:///../../node_modules/.pnpm/next@12.0.8_sfoxds7t5ydpegc3knd667wn6m/node_modules/next/dist/compiled/@next/react-dev-overlay/client.js:8:23125)
    at Container (webpack-internal:///../../node_modules/.pnpm/next@12.0.8_sfoxds7t5ydpegc3knd667wn6m/node_modules/next/dist/client/index.js:332:9)
    at AppContainer (webpack-internal:///../../node_modules/.pnpm/next@12.0.8_sfoxds7t5ydpegc3knd667wn6m/node_modules/next/dist/client/index.js:766:26)
    at Root (webpack-internal:///../../node_modules/.pnpm/next@12.0.8_sfoxds7t5ydpegc3knd667wn6m/node_modules/next/dist/client/index.js:883:27)
    
2022-09-25T15:00:46.547Z [Police] error:
    message: Cannot read properties of undefined (reading 'c')
    
    stack: 
    at Bomb (webpack-internal:///./pages/react.tsx:18:31)
    at div
    at ErrorBoundary (webpack-internal:///../../packages/react/dist/es/index.js:2205:35)
    at div
    at ErrorBoundaryWithLogger (webpack-internal:///../../packages/react/dist/es/index.js:2330:5)
    at ReactPage (webpack-internal:///./pages/react.tsx:29:62)
    at App (webpack-internal:///../../node_modules/.pnpm/next@12.0.8_sfoxds7t5ydpegc3knd667wn6m/node_modules/next/dist/pages/_app.js:178:9)
    at ErrorBoundary (webpack-internal:///../../node_modules/.pnpm/next@12.0.8_sfoxds7t5ydpegc3knd667wn6m/node_modules/next/dist/compiled/@next/react-dev-overlay/client.js:8:20584)
    at ReactDevOverlay (webpack-internal:///../../node_modules/.pnpm/next@12.0.8_sfoxds7t5ydpegc3knd667wn6m/node_modules/next/dist/compiled/@next/react-dev-overlay/client.js:8:23125)
    at Container (webpack-internal:///../../node_modules/.pnpm/next@12.0.8_sfoxds7t5ydpegc3knd667wn6m/node_modules/next/dist/client/index.js:332:9)
    at AppContainer (webpack-internal:///../../node_modules/.pnpm/next@12.0.8_sfoxds7t5ydpegc3knd667wn6m/node_modules/next/dist/client/index.js:766:26)
    at Root (webpack-internal:///../../node_modules/.pnpm/next@12.0.8_sfoxds7t5ydpegc3knd667wn6m/node_modules/next/dist/client/index.js:883:27)
    
2022-09-25T15:01:26.961Z [Police] error:message: Cannot read properties of undefined (reading 'c')
    stack: 
    at Bomb (webpack-internal:///./pages/react.tsx:18:31)
    at div
    at ErrorBoundary (webpack-internal:///../../packages/react/dist/es/index.js:2205:35)
    at div
    at ErrorBoundaryWithLogger (webpack-internal:///../../packages/react/dist/es/index.js:2330:5)
    at ReactPage (webpack-internal:///./pages/react.tsx:29:62)
    at App (webpack-internal:///../../node_modules/.pnpm/next@12.0.8_sfoxds7t5ydpegc3knd667wn6m/node_modules/next/dist/pages/_app.js:178:9)
    at ErrorBoundary (webpack-internal:///../../node_modules/.pnpm/next@12.0.8_sfoxds7t5ydpegc3knd667wn6m/node_modules/next/dist/compiled/@next/react-dev-overlay/client.js:8:20584)
    at ReactDevOverlay (webpack-internal:///../../node_modules/.pnpm/next@12.0.8_sfoxds7t5ydpegc3knd667wn6m/node_modules/next/dist/compiled/@next/react-dev-overlay/client.js:8:23125)
    at Container (webpack-internal:///../../node_modules/.pnpm/next@12.0.8_sfoxds7t5ydpegc3knd667wn6m/node_modules/next/dist/client/index.js:332:9)
    at AppContainer (webpack-internal:///../../node_modules/.pnpm/next@12.0.8_sfoxds7t5ydpegc3knd667wn6m/node_modules/next/dist/client/index.js:766:26)
    at Root (webpack-internal:///../../node_modules/.pnpm/next@12.0.8_sfoxds7t5ydpegc3knd667wn6m/node_modules/next/dist/client/index.js:883:27)
    
