2022-09-25T14:21:30.678Z [Police] error: {}
2022-09-25T14:21:57.282Z [Police] error: {}
2022-09-25T14:23:52.314Z [Police] error: {}
2022-09-25T14:23:58.127Z [Police] error: {}
2022-09-25T14:24:21.646Z [Police] error: "{}"
2022-09-25T14:25:57.878Z [Police] error: "Cannot read properties of undefined (reading 'c')"
2022-09-25T14:26:00.496Z [Police] error: "Cannot read properties of undefined (reading 'c')"
2022-09-25T14:26:39.763Z [Police] error: "Cannot read properties of undefined (reading 'c')"
2022-09-25T14:29:41.906Z [Police] error: {"message":"Cannot read properties of undefined (reading 'c')","stack":"\n    at Bomb (webpack-internal:///./pages/react.tsx:18:31)\n    at div\n    at ErrorBoundary (webpack-internal:///../../packages/react/dist/es/index.js:2205:35)\n    at div\n    at ErrorBoundaryWithLogger (webpack-internal:///../../packages/react/dist/es/index.js:2330:5)\n    at ReactPage (webpack-internal:///./pages/react.tsx:29:62)\n    at App (webpack-internal:///../../node_modules/.pnpm/next@12.0.8_sfoxds7t5ydpegc3knd667wn6m/node_modules/next/dist/pages/_app.js:178:9)\n    at ErrorBoundary (webpack-internal:///../../node_modules/.pnpm/next@12.0.8_sfoxds7t5ydpegc3knd667wn6m/node_modules/next/dist/compiled/@next/react-dev-overlay/client.js:8:20584)\n    at ReactDevOverlay (webpack-internal:///../../node_modules/.pnpm/next@12.0.8_sfoxds7t5ydpegc3knd667wn6m/node_modules/next/dist/compiled/@next/react-dev-overlay/client.js:8:23125)\n    at Container (webpack-internal:///../../node_modules/.pnpm/next@12.0.8_sfoxds7t5ydpegc3knd667wn6m/node_modules/next/dist/client/index.js:332:9)\n    at AppContainer (webpack-internal:///../../node_modules/.pnpm/next@12.0.8_sfoxds7t5ydpegc3knd667wn6m/node_modules/next/dist/client/index.js:766:26)\n    at Root (webpack-internal:///../../node_modules/.pnpm/next@12.0.8_sfoxds7t5ydpegc3knd667wn6m/node_modules/next/dist/client/index.js:883:27)"}
2022-09-25T14:38:59.198Z [Police] error: [object Object]
{"level":"error","message":{"message":"Cannot read properties of undefined (reading 'c')","stack":"\n    at Bomb (webpack-internal:///./pages/react.tsx:18:31)\n    at div\n    at ErrorBoundary (webpack-internal:///../../packages/react/dist/es/index.js:2205:35)\n    at div\n    at ErrorBoundaryWithLogger (webpack-internal:///../../packages/react/dist/es/index.js:2330:5)\n    at ReactPage (webpack-internal:///./pages/react.tsx:29:62)\n    at App (webpack-internal:///../../node_modules/.pnpm/next@12.0.8_sfoxds7t5ydpegc3knd667wn6m/node_modules/next/dist/pages/_app.js:178:9)\n    at ErrorBoundary (webpack-internal:///../../node_modules/.pnpm/next@12.0.8_sfoxds7t5ydpegc3knd667wn6m/node_modules/next/dist/compiled/@next/react-dev-overlay/client.js:8:20584)\n    at ReactDevOverlay (webpack-internal:///../../node_modules/.pnpm/next@12.0.8_sfoxds7t5ydpegc3knd667wn6m/node_modules/next/dist/compiled/@next/react-dev-overlay/client.js:8:23125)\n    at Container (webpack-internal:///../../node_modules/.pnpm/next@12.0.8_sfoxds7t5ydpegc3knd667wn6m/node_modules/next/dist/client/index.js:332:9)\n    at AppContainer (webpack-internal:///../../node_modules/.pnpm/next@12.0.8_sfoxds7t5ydpegc3knd667wn6m/node_modules/next/dist/client/index.js:766:26)\n    at Root (webpack-internal:///../../node_modules/.pnpm/next@12.0.8_sfoxds7t5ydpegc3knd667wn6m/node_modules/next/dist/client/index.js:883:27)"}}
2022-09-25T14:53:50.386Z [Police] error:
  [object Object]
2022-09-25T14:54:33.464Z [Police] error:
  [object Object]
2022-09-25T14:54:39.911Z [Police] error:
  [object Object]
2022-09-25T14:56:57.925Z [Police] error:
  {"message":"Cannot read properties of undefined (reading 'c')","stack":"\n    at Bomb (webpack-internal:///./pages/react.tsx:18:31)\n    at div\n    at ErrorBoundary (webpack-internal:///../../packages/react/dist/es/index.js:2205:35)\n    at div\n    at ErrorBoundaryWithLogger (webpack-internal:///../../packages/react/dist/es/index.js:2330:5)\n    at ReactPage (webpack-internal:///./pages/react.tsx:29:62)\n    at App (webpack-internal:///../../node_modules/.pnpm/next@12.0.8_sfoxds7t5ydpegc3knd667wn6m/node_modules/next/dist/pages/_app.js:178:9)\n    at ErrorBoundary (webpack-internal:///../../node_modules/.pnpm/next@12.0.8_sfoxds7t5ydpegc3knd667wn6m/node_modules/next/dist/compiled/@next/react-dev-overlay/client.js:8:20584)\n    at ReactDevOverlay (webpack-internal:///../../node_modules/.pnpm/next@12.0.8_sfoxds7t5ydpegc3knd667wn6m/node_modules/next/dist/compiled/@next/react-dev-overlay/client.js:8:23125)\n    at Container (webpack-internal:///../../node_modules/.pnpm/next@12.0.8_sfoxds7t5ydpegc3knd667wn6m/node_modules/next/dist/client/index.js:332:9)\n    at AppContainer (webpack-internal:///../../node_modules/.pnpm/next@12.0.8_sfoxds7t5ydpegc3knd667wn6m/node_modules/next/dist/client/index.js:766:26)\n    at Root (webpack-internal:///../../node_modules/.pnpm/next@12.0.8_sfoxds7t5ydpegc3knd667wn6m/node_modules/next/dist/client/index.js:883:27)"}
2022-09-25T14:59:47.360Z [Police] error:
  {"message":"Cannot read properties of undefined (reading 'c')","stack":"\n    at Bomb (webpack-internal:///./pages/react.tsx:18:31)\n    at div\n    at ErrorBoundary (webpack-internal:///../../packages/react/dist/es/index.js:2205:35)\n    at div\n    at ErrorBoundaryWithLogger (webpack-internal:///../../packages/react/dist/es/index.js:2330:5)\n    at ReactPage (webpack-internal:///./pages/react.tsx:29:62)\n    at App (webpack-internal:///../../node_modules/.pnpm/next@12.0.8_sfoxds7t5ydpegc3knd667wn6m/node_modules/next/dist/pages/_app.js:178:9)\n    at ErrorBoundary (webpack-internal:///../../node_modules/.pnpm/next@12.0.8_sfoxds7t5ydpegc3knd667wn6m/node_modules/next/dist/compiled/@next/react-dev-overlay/client.js:8:20584)\n    at ReactDevOverlay (webpack-internal:///../../node_modules/.pnpm/next@12.0.8_sfoxds7t5ydpegc3knd667wn6m/node_modules/next/dist/compiled/@next/react-dev-overlay/client.js:8:23125)\n    at Container (webpack-internal:///../../node_modules/.pnpm/next@12.0.8_sfoxds7t5ydpegc3knd667wn6m/node_modules/next/dist/client/index.js:332:9)\n    at AppContainer (webpack-internal:///../../node_modules/.pnpm/next@12.0.8_sfoxds7t5ydpegc3knd667wn6m/node_modules/next/dist/client/index.js:766:26)\n    at Root (webpack-internal:///../../node_modules/.pnpm/next@12.0.8_sfoxds7t5ydpegc3knd667wn6m/node_modules/next/dist/client/index.js:883:27)"}
    message: Cannot read properties of undefined (reading 'c')
    
    stack: 
    at Bomb (webpack-internal:///./pages/react.tsx:18:31)
    at div
    at ErrorBoundary (webpack-internal:///../../packages/react/dist/es/index.js:2205:35)
    at div
    at ErrorBoundaryWithLogger (webpack-internal:///../../packages/react/dist/es/index.js:2330:5)
    at ReactPage (webpack-internal:///./pages/react.tsx:29:62)
    at App (webpack-internal:///../../node_modules/.pnpm/next@12.0.8_sfoxds7t5ydpegc3knd667wn6m/node_modules/next/dist/pages/_app.js:178:9)
    at ErrorBoundary (webpack-internal:///../../node_modules/.pnpm/next@12.0.8_sfoxds7t5ydpegc3knd667wn6m/node_modules/next/dist/compiled/@next/react-dev-overlay/client.js:8:20584)
    at ReactDevOverlay (webpack-internal:///../../node_modules/.pnpm/next@12.0.8_sfoxds7t5ydpegc3knd667wn6m/node_modules/next/dist/compiled/@next/react-dev-overlay/client.js:8:23125)
    at Container (webpack-internal:///../../node_modules/.pnpm/next@12.0.8_sfoxds7t5ydpegc3knd667wn6m/node_modules/next/dist/client/index.js:332:9)
    at AppContainer (webpack-internal:///../../node_modules/.pnpm/next@12.0.8_sfoxds7t5ydpegc3knd667wn6m/node_modules/next/dist/client/index.js:766:26)
    at Root (webpack-internal:///../../node_modules/.pnpm/next@12.0.8_sfoxds7t5ydpegc3knd667wn6m/node_modules/next/dist/client/index.js:883:27)
    
